[0.573s] DEBUG:colcon:Command line arguments: ['/usr/bin/colcon', 'build', '--symlink-install', '--packages-select', 'robotio_bridge']
[0.573s] DEBUG:colcon:Parsed command line arguments: Namespace(log_base=None, log_level=None, verb_name='build', build_base='build', install_base='install', merge_install=False, symlink_install=True, test_result_base=None, continue_on_error=False, executor='parallel', parallel_workers=4, event_handlers=None, ignore_user_meta=False, metas=['./colcon.meta'], base_paths=['.'], packages_ignore=None, packages_ignore_regex=None, paths=None, packages_up_to=None, packages_up_to_regex=None, packages_above=None, packages_above_and_dependencies=None, packages_above_depth=None, packages_select_by_dep=None, packages_skip_by_dep=None, packages_skip_up_to=None, packages_select_build_failed=False, packages_skip_build_finished=False, packages_select_test_failures=False, packages_skip_test_passed=False, packages_select=['robotio_bridge'], packages_skip=None, packages_select_regex=None, packages_skip_regex=None, packages_start=None, packages_end=None, cmake_args=None, cmake_target=None, cmake_target_skip_unavailable=False, cmake_clean_cache=False, cmake_clean_first=False, cmake_force_configure=False, ament_cmake_args=None, catkin_cmake_args=None, catkin_skip_building_tests=False, mixin_files=None, mixin=None, verb_parser=<colcon_mixin.mixin.mixin_argument.MixinArgumentDecorator object at 0x7f23d81582e0>, verb_extension=<colcon_core.verb.build.BuildVerb object at 0x7f23d8137820>, main=<bound method BuildVerb.main of <colcon_core.verb.build.BuildVerb object at 0x7f23d8137820>>, mixin_verb=('build',))
[1.537s] Level 1:colcon.colcon_core.package_discovery:discover_packages(colcon_meta) check parameters
[1.538s] INFO:colcon.colcon_metadata.package_discovery.colcon_meta:Using configuration from '/root/.colcon/metadata/default/Gazebo.meta'
[1.539s] INFO:colcon.colcon_metadata.package_discovery.colcon_meta:Using configuration from '/root/.colcon/metadata/default/fastdds.meta'
[1.540s] INFO:colcon.colcon_metadata.package_discovery.colcon_meta:Using configuration from '/root/.colcon/metadata/default/fastrtps.meta'
[1.540s] Level 1:colcon.colcon_core.package_discovery:discover_packages(recursive) check parameters
[1.540s] Level 1:colcon.colcon_core.package_discovery:discover_packages(ignore) check parameters
[1.540s] Level 1:colcon.colcon_core.package_discovery:discover_packages(path) check parameters
[1.540s] Level 1:colcon.colcon_core.package_discovery:discover_packages(colcon_meta) discover
[1.541s] Level 1:colcon.colcon_core.package_discovery:discover_packages(recursive) discover
[1.541s] INFO:colcon.colcon_core.package_discovery:Crawling recursively for packages in '/ws'
[1.541s] Level 1:colcon.colcon_core.package_identification:_identify(.) by extensions ['ignore', 'ignore_ament_install']
[1.541s] Level 1:colcon.colcon_core.package_identification:_identify(.) by extension 'ignore'
[1.541s] Level 1:colcon.colcon_core.package_identification:_identify(.) by extension 'ignore_ament_install'
[1.541s] Level 1:colcon.colcon_core.package_identification:_identify(.) by extensions ['colcon_pkg']
[1.541s] Level 1:colcon.colcon_core.package_identification:_identify(.) by extension 'colcon_pkg'
[1.541s] Level 1:colcon.colcon_core.package_identification:_identify(.) by extensions ['colcon_meta']
[1.541s] Level 1:colcon.colcon_core.package_identification:_identify(.) by extension 'colcon_meta'
[1.541s] Level 1:colcon.colcon_core.package_identification:_identify(.) by extensions ['ros']
[1.541s] Level 1:colcon.colcon_core.package_identification:_identify(.) by extension 'ros'
[1.573s] Level 1:colcon.colcon_core.package_identification:_identify(.) by extensions ['cmake', 'python']
[1.573s] Level 1:colcon.colcon_core.package_identification:_identify(.) by extension 'cmake'
[1.573s] Level 1:colcon.colcon_core.package_identification:_identify(.) by extension 'python'
[1.573s] Level 1:colcon.colcon_core.package_identification:_identify(.) by extensions ['python_setup_py']
[1.573s] Level 1:colcon.colcon_core.package_identification:_identify(.) by extension 'python_setup_py'
[1.574s] Level 1:colcon.colcon_core.package_identification:_identify(build) by extensions ['ignore', 'ignore_ament_install']
[1.574s] Level 1:colcon.colcon_core.package_identification:_identify(build) by extension 'ignore'
[1.574s] Level 1:colcon.colcon_core.package_identification:_identify(build) ignored
[1.574s] Level 1:colcon.colcon_core.package_identification:_identify(install) by extensions ['ignore', 'ignore_ament_install']
[1.575s] Level 1:colcon.colcon_core.package_identification:_identify(install) by extension 'ignore'
[1.575s] Level 1:colcon.colcon_core.package_identification:_identify(install) ignored
[1.575s] Level 1:colcon.colcon_core.package_identification:_identify(log) by extensions ['ignore', 'ignore_ament_install']
[1.575s] Level 1:colcon.colcon_core.package_identification:_identify(log) by extension 'ignore'
[1.575s] Level 1:colcon.colcon_core.package_identification:_identify(log) ignored
[1.576s] Level 1:colcon.colcon_core.package_identification:_identify(src) by extensions ['ignore', 'ignore_ament_install']
[1.576s] Level 1:colcon.colcon_core.package_identification:_identify(src) by extension 'ignore'
[1.576s] Level 1:colcon.colcon_core.package_identification:_identify(src) by extension 'ignore_ament_install'
[1.576s] Level 1:colcon.colcon_core.package_identification:_identify(src) by extensions ['colcon_pkg']
[1.576s] Level 1:colcon.colcon_core.package_identification:_identify(src) by extension 'colcon_pkg'
[1.576s] Level 1:colcon.colcon_core.package_identification:_identify(src) by extensions ['colcon_meta']
[1.576s] Level 1:colcon.colcon_core.package_identification:_identify(src) by extension 'colcon_meta'
[1.577s] Level 1:colcon.colcon_core.package_identification:_identify(src) by extensions ['ros']
[1.577s] Level 1:colcon.colcon_core.package_identification:_identify(src) by extension 'ros'
[1.577s] Level 1:colcon.colcon_core.package_identification:_identify(src) by extensions ['cmake', 'python']
[1.577s] Level 1:colcon.colcon_core.package_identification:_identify(src) by extension 'cmake'
[1.577s] Level 1:colcon.colcon_core.package_identification:_identify(src) by extension 'python'
[1.577s] Level 1:colcon.colcon_core.package_identification:_identify(src) by extensions ['python_setup_py']
[1.577s] Level 1:colcon.colcon_core.package_identification:_identify(src) by extension 'python_setup_py'
[1.578s] Level 1:colcon.colcon_core.package_identification:_identify(src/robotio_bridge) by extensions ['ignore', 'ignore_ament_install']
[1.578s] Level 1:colcon.colcon_core.package_identification:_identify(src/robotio_bridge) by extension 'ignore'
[1.578s] Level 1:colcon.colcon_core.package_identification:_identify(src/robotio_bridge) by extension 'ignore_ament_install'
[1.578s] Level 1:colcon.colcon_core.package_identification:_identify(src/robotio_bridge) by extensions ['colcon_pkg']
[1.578s] Level 1:colcon.colcon_core.package_identification:_identify(src/robotio_bridge) by extension 'colcon_pkg'
[1.578s] Level 1:colcon.colcon_core.package_identification:_identify(src/robotio_bridge) by extensions ['colcon_meta']
[1.578s] Level 1:colcon.colcon_core.package_identification:_identify(src/robotio_bridge) by extension 'colcon_meta'
[1.578s] Level 1:colcon.colcon_core.package_identification:_identify(src/robotio_bridge) by extensions ['ros']
[1.579s] Level 1:colcon.colcon_core.package_identification:_identify(src/robotio_bridge) by extension 'ros'
[1.584s] DEBUG:colcon.colcon_core.package_identification:Package 'src/robotio_bridge' with type 'ros.ament_python' and name 'robotio_bridge'
[1.584s] Level 1:colcon.colcon_core.package_identification:_identify(src/robotio_description) by extensions ['ignore', 'ignore_ament_install']
[1.584s] Level 1:colcon.colcon_core.package_identification:_identify(src/robotio_description) by extension 'ignore'
[1.585s] Level 1:colcon.colcon_core.package_identification:_identify(src/robotio_description) by extension 'ignore_ament_install'
[1.585s] Level 1:colcon.colcon_core.package_identification:_identify(src/robotio_description) by extensions ['colcon_pkg']
[1.585s] Level 1:colcon.colcon_core.package_identification:_identify(src/robotio_description) by extension 'colcon_pkg'
[1.585s] Level 1:colcon.colcon_core.package_identification:_identify(src/robotio_description) by extensions ['colcon_meta']
[1.585s] Level 1:colcon.colcon_core.package_identification:_identify(src/robotio_description) by extension 'colcon_meta'
[1.585s] Level 1:colcon.colcon_core.package_identification:_identify(src/robotio_description) by extensions ['ros']
[1.585s] Level 1:colcon.colcon_core.package_identification:_identify(src/robotio_description) by extension 'ros'
[1.586s] DEBUG:colcon.colcon_core.package_identification:Package 'src/robotio_description' with type 'ros.ament_python' and name 'robotio_description'
[1.587s] Level 1:colcon.colcon_core.package_discovery:discover_packages(recursive) using defaults
[1.587s] Level 1:colcon.colcon_core.package_discovery:discover_packages(ignore) discover
[1.587s] Level 1:colcon.colcon_core.package_discovery:discover_packages(ignore) using defaults
[1.587s] Level 1:colcon.colcon_core.package_discovery:discover_packages(path) discover
[1.587s] Level 1:colcon.colcon_core.package_discovery:discover_packages(path) using defaults
[1.658s] INFO:colcon.colcon_core.package_selection:Skipping not selected package 'robotio_description' in 'src/robotio_description'
[1.659s] Level 5:colcon.colcon_core.verb:set package 'robotio_bridge' build argument 'cmake_args' from command line to 'None'
[1.659s] Level 5:colcon.colcon_core.verb:set package 'robotio_bridge' build argument 'cmake_target' from command line to 'None'
[1.659s] Level 5:colcon.colcon_core.verb:set package 'robotio_bridge' build argument 'cmake_target_skip_unavailable' from command line to 'False'
[1.659s] Level 5:colcon.colcon_core.verb:set package 'robotio_bridge' build argument 'cmake_clean_cache' from command line to 'False'
[1.659s] Level 5:colcon.colcon_core.verb:set package 'robotio_bridge' build argument 'cmake_clean_first' from command line to 'False'
[1.659s] Level 5:colcon.colcon_core.verb:set package 'robotio_bridge' build argument 'cmake_force_configure' from command line to 'False'
[1.659s] Level 5:colcon.colcon_core.verb:set package 'robotio_bridge' build argument 'ament_cmake_args' from command line to 'None'
[1.659s] Level 5:colcon.colcon_core.verb:set package 'robotio_bridge' build argument 'catkin_cmake_args' from command line to 'None'
[1.659s] Level 5:colcon.colcon_core.verb:set package 'robotio_bridge' build argument 'catkin_skip_building_tests' from command line to 'False'
[1.659s] DEBUG:colcon.colcon_core.verb:Building package 'robotio_bridge' with the following arguments: {'ament_cmake_args': None, 'build_base': '/ws/build/robotio_bridge', 'catkin_cmake_args': None, 'catkin_skip_building_tests': False, 'cmake_args': None, 'cmake_clean_cache': False, 'cmake_clean_first': False, 'cmake_force_configure': False, 'cmake_target': None, 'cmake_target_skip_unavailable': False, 'install_base': '/ws/install/robotio_bridge', 'merge_install': False, 'path': '/ws/src/robotio_bridge', 'symlink_install': True, 'test_result_base': None}
[1.659s] INFO:colcon.colcon_core.executor:Executing jobs using 'parallel' executor
[1.661s] DEBUG:colcon.colcon_parallel_executor.executor.parallel:run_until_complete
[1.662s] INFO:colcon.colcon_ros.task.ament_python.build:Building ROS package in '/ws/src/robotio_bridge' with build type 'ament_python'
[1.662s] Level 1:colcon.colcon_core.shell:create_environment_hook('robotio_bridge', 'ament_prefix_path')
[1.668s] INFO:colcon.colcon_core.plugin_system:Skipping extension 'colcon_core.shell.bat': Not used on non-Windows systems
[1.668s] INFO:colcon.colcon_core.shell:Creating environment hook '/ws/install/robotio_bridge/share/robotio_bridge/hook/ament_prefix_path.ps1'
[1.670s] INFO:colcon.colcon_core.shell:Creating environment descriptor '/ws/install/robotio_bridge/share/robotio_bridge/hook/ament_prefix_path.dsv'
[1.671s] INFO:colcon.colcon_core.shell:Creating environment hook '/ws/install/robotio_bridge/share/robotio_bridge/hook/ament_prefix_path.sh'
[1.674s] INFO:colcon.colcon_core.shell:Skip shell extension 'powershell' for command environment: Not usable outside of PowerShell
[1.674s] DEBUG:colcon.colcon_core.shell:Skip shell extension 'dsv' for command environment
[2.220s] INFO:colcon.colcon_core.task.python.build:Building Python package in '/ws/src/robotio_bridge'
[2.221s] INFO:colcon.colcon_core.shell:Skip shell extension 'powershell' for command environment: Not usable outside of PowerShell
[2.221s] DEBUG:colcon.colcon_core.shell:Skip shell extension 'dsv' for command environment
[3.128s] DEBUG:colcon.colcon_core.event_handler.log_command:Invoking command in '/ws/build/robotio_bridge': PYTHONPATH=/ws/build/robotio_bridge/prefix_override:/usr/lib/python3/dist-packages/colcon_core/task/python/colcon_distutils_commands:/ws/install/robotio_bridge/lib/python3.10/site-packages:${PYTHONPATH} /usr/bin/python3 -W ignore:setup.py install is deprecated -W ignore:easy_install command is deprecated setup.py develop --editable --build-directory /ws/build/robotio_bridge/build --no-deps symlink_data
[3.946s] Level 1:colcon.colcon_core.shell:create_environment_hook('robotio_bridge', 'pythonpath_develop')
[3.946s] INFO:colcon.colcon_core.shell:Creating environment hook '/ws/build/robotio_bridge/share/robotio_bridge/hook/pythonpath_develop.ps1'
[3.947s] DEBUG:colcon.colcon_core.event_handler.log_command:Invoked command in '/ws/build/robotio_bridge' returned '0': PYTHONPATH=/ws/build/robotio_bridge/prefix_override:/usr/lib/python3/dist-packages/colcon_core/task/python/colcon_distutils_commands:/ws/install/robotio_bridge/lib/python3.10/site-packages:${PYTHONPATH} /usr/bin/python3 -W ignore:setup.py install is deprecated -W ignore:easy_install command is deprecated setup.py develop --editable --build-directory /ws/build/robotio_bridge/build --no-deps symlink_data
[3.948s] INFO:colcon.colcon_core.shell:Creating environment descriptor '/ws/build/robotio_bridge/share/robotio_bridge/hook/pythonpath_develop.dsv'
[3.948s] INFO:colcon.colcon_core.shell:Creating environment hook '/ws/build/robotio_bridge/share/robotio_bridge/hook/pythonpath_develop.sh'
[3.953s] Level 1:colcon.colcon_core.environment:checking '/ws/install/robotio_bridge' for CMake module files
[3.954s] Level 1:colcon.colcon_core.environment:checking '/ws/install/robotio_bridge' for CMake config files
[3.955s] Level 1:colcon.colcon_core.environment:checking '/ws/install/robotio_bridge/lib'
[3.955s] Level 1:colcon.colcon_core.environment:checking '/ws/install/robotio_bridge/bin'
[3.955s] Level 1:colcon.colcon_core.environment:checking '/ws/install/robotio_bridge/lib/pkgconfig/robotio_bridge.pc'
[3.955s] Level 1:colcon.colcon_core.environment:checking '/ws/install/robotio_bridge/lib/python3.10/site-packages'
[3.956s] Level 1:colcon.colcon_core.shell:create_environment_hook('robotio_bridge', 'pythonpath')
[3.956s] INFO:colcon.colcon_core.shell:Creating environment hook '/ws/install/robotio_bridge/share/robotio_bridge/hook/pythonpath.ps1'
[3.957s] INFO:colcon.colcon_core.shell:Creating environment descriptor '/ws/install/robotio_bridge/share/robotio_bridge/hook/pythonpath.dsv'
[3.958s] INFO:colcon.colcon_core.shell:Creating environment hook '/ws/install/robotio_bridge/share/robotio_bridge/hook/pythonpath.sh'
[3.959s] Level 1:colcon.colcon_core.environment:checking '/ws/install/robotio_bridge/bin'
[3.959s] Level 1:colcon.colcon_core.environment:create_environment_scripts_only(robotio_bridge)
[3.959s] INFO:colcon.colcon_core.shell:Creating package script '/ws/install/robotio_bridge/share/robotio_bridge/package.ps1'
[3.961s] INFO:colcon.colcon_core.shell:Creating package descriptor '/ws/install/robotio_bridge/share/robotio_bridge/package.dsv'
[3.962s] INFO:colcon.colcon_core.shell:Creating package script '/ws/install/robotio_bridge/share/robotio_bridge/package.sh'
[3.963s] INFO:colcon.colcon_core.shell:Creating package script '/ws/install/robotio_bridge/share/robotio_bridge/package.bash'
[3.965s] INFO:colcon.colcon_core.shell:Creating package script '/ws/install/robotio_bridge/share/robotio_bridge/package.zsh'
[3.967s] Level 1:colcon.colcon_core.environment:create_file_with_runtime_dependencies(/ws/install/robotio_bridge/share/colcon-core/packages/robotio_bridge)
[3.967s] DEBUG:colcon.colcon_parallel_executor.executor.parallel:closing loop
[3.968s] DEBUG:colcon.colcon_parallel_executor.executor.parallel:loop closed
[3.968s] DEBUG:colcon.colcon_parallel_executor.executor.parallel:run_until_complete finished with '0'
[3.968s] DEBUG:colcon.colcon_core.event_reactor:joining thread
[4.012s] INFO:colcon.colcon_core.plugin_system:Skipping extension 'colcon_notification.desktop_notification.notify_send': Could not find 'notify-send'
[4.012s] INFO:colcon.colcon_core.plugin_system:Skipping extension 'colcon_notification.desktop_notification.terminal_notifier': Not used on non-Darwin systems
[4.012s] INFO:colcon.colcon_core.plugin_system:Skipping extension 'colcon_notification.desktop_notification.win32': Not used on non-Windows systems
[4.012s] INFO:colcon.colcon_notification.desktop_notification:Sending desktop notification using 'notify2'
[4.012s] DEBUG:colcon.colcon_notification.desktop_notification.notify2:Failed to initialize notify2: org.freedesktop.DBus.Error.NotSupported: Unable to autolaunch a dbus-daemon without a $DISPLAY for X11
[4.013s] DEBUG:colcon.colcon_core.event_reactor:joined thread
[4.013s] INFO:colcon.colcon_core.shell:Creating prefix script '/ws/install/local_setup.ps1'
[4.016s] INFO:colcon.colcon_core.shell:Creating prefix util module '/ws/install/_local_setup_util_ps1.py'
[4.020s] INFO:colcon.colcon_core.shell:Creating prefix chain script '/ws/install/setup.ps1'
[4.023s] INFO:colcon.colcon_core.shell:Creating prefix script '/ws/install/local_setup.sh'
[4.025s] INFO:colcon.colcon_core.shell:Creating prefix util module '/ws/install/_local_setup_util_sh.py'
[4.027s] INFO:colcon.colcon_core.shell:Creating prefix chain script '/ws/install/setup.sh'
[4.044s] INFO:colcon.colcon_core.shell:Creating prefix script '/ws/install/local_setup.bash'
[4.045s] INFO:colcon.colcon_core.shell:Creating prefix chain script '/ws/install/setup.bash'
[4.047s] INFO:colcon.colcon_core.shell:Creating prefix script '/ws/install/local_setup.zsh'
[4.048s] INFO:colcon.colcon_core.shell:Creating prefix chain script '/ws/install/setup.zsh'
