[1.184s] DEBUG:colcon:Command line arguments: ['/usr/bin/colcon', 'build', '--symlink-install', '--packages-select', 'robotio_bridge']
[1.185s] DEBUG:colcon:Parsed command line arguments: Namespace(log_base=None, log_level=None, verb_name='build', build_base='build', install_base='install', merge_install=False, symlink_install=True, test_result_base=None, continue_on_error=False, executor='parallel', parallel_workers=4, event_handlers=None, ignore_user_meta=False, metas=['./colcon.meta'], base_paths=['.'], packages_ignore=None, packages_ignore_regex=None, paths=None, packages_up_to=None, packages_up_to_regex=None, packages_above=None, packages_above_and_dependencies=None, packages_above_depth=None, packages_select_by_dep=None, packages_skip_by_dep=None, packages_skip_up_to=None, packages_select_build_failed=False, packages_skip_build_finished=False, packages_select_test_failures=False, packages_skip_test_passed=False, packages_select=['robotio_bridge'], packages_skip=None, packages_select_regex=None, packages_skip_regex=None, packages_start=None, packages_end=None, cmake_args=None, cmake_target=None, cmake_target_skip_unavailable=False, cmake_clean_cache=False, cmake_clean_first=False, cmake_force_configure=False, ament_cmake_args=None, catkin_cmake_args=None, catkin_skip_building_tests=False, mixin_files=None, mixin=None, verb_parser=<colcon_mixin.mixin.mixin_argument.MixinArgumentDecorator object at 0x7f0b603002e0>, verb_extension=<colcon_core.verb.build.BuildVerb object at 0x7f0b602df820>, main=<bound method BuildVerb.main of <colcon_core.verb.build.BuildVerb object at 0x7f0b602df820>>, mixin_verb=('build',))
[3.537s] Level 1:colcon.colcon_core.package_discovery:discover_packages(colcon_meta) check parameters
[3.556s] INFO:colcon.colcon_metadata.package_discovery.colcon_meta:Using configuration from '/root/.colcon/metadata/default/Gazebo.meta'
[3.560s] INFO:colcon.colcon_metadata.package_discovery.colcon_meta:Using configuration from '/root/.colcon/metadata/default/fastdds.meta'
[3.563s] INFO:colcon.colcon_metadata.package_discovery.colcon_meta:Using configuration from '/root/.colcon/metadata/default/fastrtps.meta'
[3.563s] Level 1:colcon.colcon_core.package_discovery:discover_packages(recursive) check parameters
[3.564s] Level 1:colcon.colcon_core.package_discovery:discover_packages(ignore) check parameters
[3.564s] Level 1:colcon.colcon_core.package_discovery:discover_packages(path) check parameters
[3.564s] Level 1:colcon.colcon_core.package_discovery:discover_packages(colcon_meta) discover
[3.564s] Level 1:colcon.colcon_core.package_discovery:discover_packages(recursive) discover
[3.564s] INFO:colcon.colcon_core.package_discovery:Crawling recursively for packages in '/ws'
[3.564s] Level 1:colcon.colcon_core.package_identification:_identify(.) by extensions ['ignore', 'ignore_ament_install']
[3.564s] Level 1:colcon.colcon_core.package_identification:_identify(.) by extension 'ignore'
[3.564s] Level 1:colcon.colcon_core.package_identification:_identify(.) by extension 'ignore_ament_install'
[3.564s] Level 1:colcon.colcon_core.package_identification:_identify(.) by extensions ['colcon_pkg']
[3.564s] Level 1:colcon.colcon_core.package_identification:_identify(.) by extension 'colcon_pkg'
[3.564s] Level 1:colcon.colcon_core.package_identification:_identify(.) by extensions ['colcon_meta']
[3.565s] Level 1:colcon.colcon_core.package_identification:_identify(.) by extension 'colcon_meta'
[3.565s] Level 1:colcon.colcon_core.package_identification:_identify(.) by extensions ['ros']
[3.565s] Level 1:colcon.colcon_core.package_identification:_identify(.) by extension 'ros'
[3.622s] Level 1:colcon.colcon_core.package_identification:_identify(.) by extensions ['cmake', 'python']
[3.622s] Level 1:colcon.colcon_core.package_identification:_identify(.) by extension 'cmake'
[3.622s] Level 1:colcon.colcon_core.package_identification:_identify(.) by extension 'python'
[3.622s] Level 1:colcon.colcon_core.package_identification:_identify(.) by extensions ['python_setup_py']
[3.622s] Level 1:colcon.colcon_core.package_identification:_identify(.) by extension 'python_setup_py'
[3.622s] Level 1:colcon.colcon_core.package_identification:_identify(build) by extensions ['ignore', 'ignore_ament_install']
[3.623s] Level 1:colcon.colcon_core.package_identification:_identify(build) by extension 'ignore'
[3.623s] Level 1:colcon.colcon_core.package_identification:_identify(build) ignored
[3.623s] Level 1:colcon.colcon_core.package_identification:_identify(install) by extensions ['ignore', 'ignore_ament_install']
[3.623s] Level 1:colcon.colcon_core.package_identification:_identify(install) by extension 'ignore'
[3.623s] Level 1:colcon.colcon_core.package_identification:_identify(install) ignored
[3.623s] Level 1:colcon.colcon_core.package_identification:_identify(log) by extensions ['ignore', 'ignore_ament_install']
[3.623s] Level 1:colcon.colcon_core.package_identification:_identify(log) by extension 'ignore'
[3.623s] Level 1:colcon.colcon_core.package_identification:_identify(log) ignored
[3.624s] Level 1:colcon.colcon_core.package_identification:_identify(src) by extensions ['ignore', 'ignore_ament_install']
[3.624s] Level 1:colcon.colcon_core.package_identification:_identify(src) by extension 'ignore'
[3.624s] Level 1:colcon.colcon_core.package_identification:_identify(src) by extension 'ignore_ament_install'
[3.624s] Level 1:colcon.colcon_core.package_identification:_identify(src) by extensions ['colcon_pkg']
[3.624s] Level 1:colcon.colcon_core.package_identification:_identify(src) by extension 'colcon_pkg'
[3.624s] Level 1:colcon.colcon_core.package_identification:_identify(src) by extensions ['colcon_meta']
[3.624s] Level 1:colcon.colcon_core.package_identification:_identify(src) by extension 'colcon_meta'
[3.624s] Level 1:colcon.colcon_core.package_identification:_identify(src) by extensions ['ros']
[3.624s] Level 1:colcon.colcon_core.package_identification:_identify(src) by extension 'ros'
[3.624s] Level 1:colcon.colcon_core.package_identification:_identify(src) by extensions ['cmake', 'python']
[3.624s] Level 1:colcon.colcon_core.package_identification:_identify(src) by extension 'cmake'
[3.624s] Level 1:colcon.colcon_core.package_identification:_identify(src) by extension 'python'
[3.625s] Level 1:colcon.colcon_core.package_identification:_identify(src) by extensions ['python_setup_py']
[3.625s] Level 1:colcon.colcon_core.package_identification:_identify(src) by extension 'python_setup_py'
[3.625s] Level 1:colcon.colcon_core.package_identification:_identify(src/robotio_bridge) by extensions ['ignore', 'ignore_ament_install']
[3.625s] Level 1:colcon.colcon_core.package_identification:_identify(src/robotio_bridge) by extension 'ignore'
[3.625s] Level 1:colcon.colcon_core.package_identification:_identify(src/robotio_bridge) by extension 'ignore_ament_install'
[3.625s] Level 1:colcon.colcon_core.package_identification:_identify(src/robotio_bridge) by extensions ['colcon_pkg']
[3.625s] Level 1:colcon.colcon_core.package_identification:_identify(src/robotio_bridge) by extension 'colcon_pkg'
[3.625s] Level 1:colcon.colcon_core.package_identification:_identify(src/robotio_bridge) by extensions ['colcon_meta']
[3.625s] Level 1:colcon.colcon_core.package_identification:_identify(src/robotio_bridge) by extension 'colcon_meta'
[3.625s] Level 1:colcon.colcon_core.package_identification:_identify(src/robotio_bridge) by extensions ['ros']
[3.625s] Level 1:colcon.colcon_core.package_identification:_identify(src/robotio_bridge) by extension 'ros'
[3.676s] DEBUG:colcon.colcon_core.package_identification:Package 'src/robotio_bridge' with type 'ros.ament_python' and name 'robotio_bridge'
[3.677s] Level 1:colcon.colcon_core.package_identification:_identify(src/robotio_description) by extensions ['ignore', 'ignore_ament_install']
[3.677s] Level 1:colcon.colcon_core.package_identification:_identify(src/robotio_description) by extension 'ignore'
[3.678s] Level 1:colcon.colcon_core.package_identification:_identify(src/robotio_description) by extension 'ignore_ament_install'
[3.678s] Level 1:colcon.colcon_core.package_identification:_identify(src/robotio_description) by extensions ['colcon_pkg']
[3.678s] Level 1:colcon.colcon_core.package_identification:_identify(src/robotio_description) by extension 'colcon_pkg'
[3.679s] Level 1:colcon.colcon_core.package_identification:_identify(src/robotio_description) by extensions ['colcon_meta']
[3.679s] Level 1:colcon.colcon_core.package_identification:_identify(src/robotio_description) by extension 'colcon_meta'
[3.679s] Level 1:colcon.colcon_core.package_identification:_identify(src/robotio_description) by extensions ['ros']
[3.679s] Level 1:colcon.colcon_core.package_identification:_identify(src/robotio_description) by extension 'ros'
[3.705s] DEBUG:colcon.colcon_core.package_identification:Package 'src/robotio_description' with type 'ros.ament_python' and name 'robotio_description'
[3.705s] Level 1:colcon.colcon_core.package_discovery:discover_packages(recursive) using defaults
[3.705s] Level 1:colcon.colcon_core.package_discovery:discover_packages(ignore) discover
[3.705s] Level 1:colcon.colcon_core.package_discovery:discover_packages(ignore) using defaults
[3.706s] Level 1:colcon.colcon_core.package_discovery:discover_packages(path) discover
[3.706s] Level 1:colcon.colcon_core.package_discovery:discover_packages(path) using defaults
[3.968s] INFO:colcon.colcon_core.package_selection:Skipping not selected package 'robotio_description' in 'src/robotio_description'
[3.970s] Level 5:colcon.colcon_core.verb:set package 'robotio_bridge' build argument 'cmake_args' from command line to 'None'
[3.970s] Level 5:colcon.colcon_core.verb:set package 'robotio_bridge' build argument 'cmake_target' from command line to 'None'
[3.970s] Level 5:colcon.colcon_core.verb:set package 'robotio_bridge' build argument 'cmake_target_skip_unavailable' from command line to 'False'
[3.970s] Level 5:colcon.colcon_core.verb:set package 'robotio_bridge' build argument 'cmake_clean_cache' from command line to 'False'
[3.970s] Level 5:colcon.colcon_core.verb:set package 'robotio_bridge' build argument 'cmake_clean_first' from command line to 'False'
[3.971s] Level 5:colcon.colcon_core.verb:set package 'robotio_bridge' build argument 'cmake_force_configure' from command line to 'False'
[3.971s] Level 5:colcon.colcon_core.verb:set package 'robotio_bridge' build argument 'ament_cmake_args' from command line to 'None'
[3.971s] Level 5:colcon.colcon_core.verb:set package 'robotio_bridge' build argument 'catkin_cmake_args' from command line to 'None'
[3.971s] Level 5:colcon.colcon_core.verb:set package 'robotio_bridge' build argument 'catkin_skip_building_tests' from command line to 'False'
[3.971s] DEBUG:colcon.colcon_core.verb:Building package 'robotio_bridge' with the following arguments: {'ament_cmake_args': None, 'build_base': '/ws/build/robotio_bridge', 'catkin_cmake_args': None, 'catkin_skip_building_tests': False, 'cmake_args': None, 'cmake_clean_cache': False, 'cmake_clean_first': False, 'cmake_force_configure': False, 'cmake_target': None, 'cmake_target_skip_unavailable': False, 'install_base': '/ws/install/robotio_bridge', 'merge_install': False, 'path': '/ws/src/robotio_bridge', 'symlink_install': True, 'test_result_base': None}
[3.972s] INFO:colcon.colcon_core.executor:Executing jobs using 'parallel' executor
[3.975s] DEBUG:colcon.colcon_parallel_executor.executor.parallel:run_until_complete
[3.975s] INFO:colcon.colcon_ros.task.ament_python.build:Building ROS package in '/ws/src/robotio_bridge' with build type 'ament_python'
[3.976s] Level 1:colcon.colcon_core.shell:create_environment_hook('robotio_bridge', 'ament_prefix_path')
[4.052s] INFO:colcon.colcon_core.plugin_system:Skipping extension 'colcon_core.shell.bat': Not used on non-Windows systems
[4.053s] INFO:colcon.colcon_core.shell:Creating environment hook '/ws/install/robotio_bridge/share/robotio_bridge/hook/ament_prefix_path.ps1'
[4.068s] INFO:colcon.colcon_core.shell:Creating environment descriptor '/ws/install/robotio_bridge/share/robotio_bridge/hook/ament_prefix_path.dsv'
[4.072s] INFO:colcon.colcon_core.shell:Creating environment hook '/ws/install/robotio_bridge/share/robotio_bridge/hook/ament_prefix_path.sh'
[4.076s] INFO:colcon.colcon_core.shell:Skip shell extension 'powershell' for command environment: Not usable outside of PowerShell
[4.076s] DEBUG:colcon.colcon_core.shell:Skip shell extension 'dsv' for command environment
[4.657s] INFO:colcon.colcon_core.task.python.build:Building Python package in '/ws/src/robotio_bridge'
[4.658s] INFO:colcon.colcon_core.shell:Skip shell extension 'powershell' for command environment: Not usable outside of PowerShell
[4.658s] DEBUG:colcon.colcon_core.shell:Skip shell extension 'dsv' for command environment
[6.022s] DEBUG:colcon.colcon_core.event_handler.log_command:Invoking command in '/ws/build/robotio_bridge': PYTHONPATH=/ws/build/robotio_bridge/prefix_override:/usr/lib/python3/dist-packages/colcon_core/task/python/colcon_distutils_commands:/ws/install/robotio_bridge/lib/python3.10/site-packages:${PYTHONPATH} /usr/bin/python3 -W ignore:setup.py install is deprecated -W ignore:easy_install command is deprecated setup.py develop --editable --build-directory /ws/build/robotio_bridge/build --no-deps symlink_data
[6.879s] Level 1:colcon.colcon_core.shell:create_environment_hook('robotio_bridge', 'pythonpath_develop')
[6.880s] INFO:colcon.colcon_core.shell:Creating environment hook '/ws/build/robotio_bridge/share/robotio_bridge/hook/pythonpath_develop.ps1'
[6.880s] DEBUG:colcon.colcon_core.event_handler.log_command:Invoked command in '/ws/build/robotio_bridge' returned '0': PYTHONPATH=/ws/build/robotio_bridge/prefix_override:/usr/lib/python3/dist-packages/colcon_core/task/python/colcon_distutils_commands:/ws/install/robotio_bridge/lib/python3.10/site-packages:${PYTHONPATH} /usr/bin/python3 -W ignore:setup.py install is deprecated -W ignore:easy_install command is deprecated setup.py develop --editable --build-directory /ws/build/robotio_bridge/build --no-deps symlink_data
[6.899s] INFO:colcon.colcon_core.shell:Creating environment descriptor '/ws/build/robotio_bridge/share/robotio_bridge/hook/pythonpath_develop.dsv'
[6.900s] INFO:colcon.colcon_core.shell:Creating environment hook '/ws/build/robotio_bridge/share/robotio_bridge/hook/pythonpath_develop.sh'
[6.988s] Level 1:colcon.colcon_core.environment:checking '/ws/install/robotio_bridge' for CMake module files
[6.990s] Level 1:colcon.colcon_core.environment:checking '/ws/install/robotio_bridge' for CMake config files
[6.992s] Level 1:colcon.colcon_core.environment:checking '/ws/install/robotio_bridge/lib'
[6.992s] Level 1:colcon.colcon_core.environment:checking '/ws/install/robotio_bridge/bin'
[6.992s] Level 1:colcon.colcon_core.environment:checking '/ws/install/robotio_bridge/lib/pkgconfig/robotio_bridge.pc'
[6.993s] Level 1:colcon.colcon_core.environment:checking '/ws/install/robotio_bridge/lib/python3.10/site-packages'
[6.993s] Level 1:colcon.colcon_core.shell:create_environment_hook('robotio_bridge', 'pythonpath')
[6.994s] INFO:colcon.colcon_core.shell:Creating environment hook '/ws/install/robotio_bridge/share/robotio_bridge/hook/pythonpath.ps1'
[6.995s] INFO:colcon.colcon_core.shell:Creating environment descriptor '/ws/install/robotio_bridge/share/robotio_bridge/hook/pythonpath.dsv'
[6.995s] INFO:colcon.colcon_core.shell:Creating environment hook '/ws/install/robotio_bridge/share/robotio_bridge/hook/pythonpath.sh'
[6.997s] Level 1:colcon.colcon_core.environment:checking '/ws/install/robotio_bridge/bin'
[6.997s] Level 1:colcon.colcon_core.environment:create_environment_scripts_only(robotio_bridge)
[6.998s] INFO:colcon.colcon_core.shell:Creating package script '/ws/install/robotio_bridge/share/robotio_bridge/package.ps1'
[7.001s] INFO:colcon.colcon_core.shell:Creating package descriptor '/ws/install/robotio_bridge/share/robotio_bridge/package.dsv'
[7.033s] INFO:colcon.colcon_core.shell:Creating package script '/ws/install/robotio_bridge/share/robotio_bridge/package.sh'
[7.036s] INFO:colcon.colcon_core.shell:Creating package script '/ws/install/robotio_bridge/share/robotio_bridge/package.bash'
[7.080s] INFO:colcon.colcon_core.shell:Creating package script '/ws/install/robotio_bridge/share/robotio_bridge/package.zsh'
[7.086s] Level 1:colcon.colcon_core.environment:create_file_with_runtime_dependencies(/ws/install/robotio_bridge/share/colcon-core/packages/robotio_bridge)
[7.086s] DEBUG:colcon.colcon_parallel_executor.executor.parallel:closing loop
[7.087s] DEBUG:colcon.colcon_parallel_executor.executor.parallel:loop closed
[7.087s] DEBUG:colcon.colcon_parallel_executor.executor.parallel:run_until_complete finished with '0'
[7.087s] DEBUG:colcon.colcon_core.event_reactor:joining thread
[7.211s] INFO:colcon.colcon_core.plugin_system:Skipping extension 'colcon_notification.desktop_notification.notify_send': Could not find 'notify-send'
[7.212s] INFO:colcon.colcon_core.plugin_system:Skipping extension 'colcon_notification.desktop_notification.terminal_notifier': Not used on non-Darwin systems
[7.212s] INFO:colcon.colcon_core.plugin_system:Skipping extension 'colcon_notification.desktop_notification.win32': Not used on non-Windows systems
[7.212s] INFO:colcon.colcon_notification.desktop_notification:Sending desktop notification using 'notify2'
[7.212s] DEBUG:colcon.colcon_notification.desktop_notification.notify2:Failed to initialize notify2: org.freedesktop.DBus.Error.NotSupported: Unable to autolaunch a dbus-daemon without a $DISPLAY for X11
[7.212s] DEBUG:colcon.colcon_core.event_reactor:joined thread
[7.213s] INFO:colcon.colcon_core.shell:Creating prefix script '/ws/install/local_setup.ps1'
[7.225s] INFO:colcon.colcon_core.shell:Creating prefix util module '/ws/install/_local_setup_util_ps1.py'
[7.281s] INFO:colcon.colcon_core.shell:Creating prefix chain script '/ws/install/setup.ps1'
[7.284s] INFO:colcon.colcon_core.shell:Creating prefix script '/ws/install/local_setup.sh'
[7.286s] INFO:colcon.colcon_core.shell:Creating prefix util module '/ws/install/_local_setup_util_sh.py'
[7.287s] INFO:colcon.colcon_core.shell:Creating prefix chain script '/ws/install/setup.sh'
[7.311s] INFO:colcon.colcon_core.shell:Creating prefix script '/ws/install/local_setup.bash'
[7.335s] INFO:colcon.colcon_core.shell:Creating prefix chain script '/ws/install/setup.bash'
[7.338s] INFO:colcon.colcon_core.shell:Creating prefix script '/ws/install/local_setup.zsh'
[7.340s] INFO:colcon.colcon_core.shell:Creating prefix chain script '/ws/install/setup.zsh'
